<?xml version="1.0" encoding="UTF-8"?>
<!-- Generated by org.testng.reporters.JUnitReportReporter -->
<testsuite hostname="KRUSHNA" failures="0" tests="1" name="Runner.CucumberRunner" time="8.699" errors="0" timestamp="2022-12-04T11:26:40 IST" skipped="0">
  <testcase classname="Runner.CucumberRunner" name="runScenario" time="8.699"/>
  <system-out/>
</testsuite> <!-- Runner.CucumberRunner -->
